#
# A fatal error has been detected by the Java Runtime Environment:
#
#  EXCEPTION_ACCESS_VIOLATION (0xc0000005) at pc=0x617493cd, pid=2724, tid=0x00003018
#
# JRE version: Java(TM) SE Runtime Environment (8.0_92-b14) (build 1.8.0_92-b14)
# Java VM: Java HotSpot(TM) Client VM (25.92-b14 mixed mode windows-x86 )
# Problematic frame:
# C  [listSerialsj.dll+0x93cd]
#
# Failed to write core dump. Minidumps are not enabled by default on client versions of Windows
#
# If you would like to submit a bug report, please visit:
#   http://bugreport.java.com/bugreport/crash.jsp
# The crash happened outside the Java Virtual Machine in native code.
# See problematic frame for where to report the bug.
#

---------------  T H R E A D  ---------------

Current thread (0x26fa6c00):  JavaThread "cc.arduino.packages.discoverers.serial.SerialBoardsLister" [_thread_in_native, id=12312, stack(0x26b10000,0x26b60000)]

siginfo: ExceptionCode=0xc0000005, writing address 0x00000000

Registers:
EAX=0x00000000, EBX=0x0000024c, ECX=0x00000000, EDX=0x00000001
ESP=0x26b5e880, EBP=0x26b5ecd8, ESI=0x00000001, EDI=0x007897a8
EIP=0x617493cd, EFLAGS=0x00010246

Top of Stack: (sp=0x26b5e880)
0x26b5e880:   253a4550 0000002e 00000002 00000000
0x26b5e890:   00000003 00000000 00000000 00000000
0x26b5e8a0:   77427000 00000002 0000006c 7739a540
0x26b5e8b0:   253a4310 00fffffe 007896c0 000000a7
0x26b5e8c0:   00000002 007897a8 00000008 00000002
0x26b5e8d0:   00000001 0000006c 0000001a 0000008c
0x26b5e8e0:   008cc070 00000000 354d4f43 00e98900
0x26b5e8f0:   00425355 00000002 00000000 00000000 

Instructions: (pc=0x617493cd)
0x617493ad:   8b 45 08 8b 90 94 00 00 00 85 d2 74 16 8b 40 2c
0x617493bd:   c7 44 24 04 2e 00 00 00 89 04 24 e8 73 14 00 00
0x617493cd:   c6 00 00 8d 85 04 fc ff ff 89 44 24 18 8d 85 0a
0x617493dd:   fc ff ff 89 44 24 10 a1 e4 01 75 61 c7 85 04 fc 


Register to memory mapping:

EAX=0x00000000 is an unknown value
EBX=0x0000024c is an unknown value
ECX=0x00000000 is an unknown value
EDX=0x00000001 is an unknown value
ESP=0x26b5e880 is pointing into the stack for thread: 0x26fa6c00
EBP=0x26b5ecd8 is pointing into the stack for thread: 0x26fa6c00
ESI=0x00000001 is an unknown value
EDI=0x007897a8 is an unknown value


Stack: [0x26b10000,0x26b60000],  sp=0x26b5e880,  free space=314k
Native frames: (J=compiled Java code, j=interpreted, Vv=VM code, C=native code)
C  [listSerialsj.dll+0x93cd]
C  [listSerialsj.dll+0x2211]

Java frames: (J=compiled Java code, j=interpreted, Vv=VM code)
J 2073  processing.app.Platform.listSerialsNative()[Ljava/lang/String; (0 bytes) @ 0x026e6a8f [0x026e6a50+0x3f]
J 2072 C1 processing.app.Platform.listSerials()Ljava/util/List; (15 bytes) @ 0x026e6d50 [0x026e6cf0+0x60]
j  cc.arduino.packages.discoverers.serial.SerialBoardsLister.retriggerDiscovery(Z)V+22
j  cc.arduino.packages.discoverers.serial.SerialBoardsLister.run()V+9
J 1965% C1 java.util.TimerThread.mainLoop()V (232 bytes) @ 0x026beb14 [0x026be6e0+0x434]
j  java.util.TimerThread.run()V+1
v  ~StubRoutines::call_stub

---------------  P R O C E S S  ---------------

Java Threads: ( => current thread )
  0x27552c00 JavaThread "DestroyJavaVM" [_thread_blocked, id=808, stack(0x020b0000,0x02100000)]
  0x2754d800 JavaThread "TimerQueue" daemon [_thread_blocked, id=6944, stack(0x24a60000,0x24ab0000)]
  0x2754d400 JavaThread "JmDNS(kartiki1.local.).Timer" daemon [_thread_blocked, id=8644, stack(0x293a0000,0x293f0000)]
  0x27081400 JavaThread "JmDNS(kartiki1.local.).State.Timer" [_thread_blocked, id=6924, stack(0x29310000,0x29360000)]
  0x27080c00 JavaThread "JmDNS(kartiki1.local.).Timer" daemon [_thread_blocked, id=14776, stack(0x29280000,0x292d0000)]
  0x2707c000 JavaThread "SocketListener(kartiki1.local.)" daemon [_thread_in_native, id=15888, stack(0x291f0000,0x29240000)]
  0x2707f400 JavaThread "JmDNS(172-29-92-145.local.).Timer" daemon [_thread_blocked, id=9348, stack(0x28b90000,0x28be0000)]
  0x27083800 JavaThread "JmDNS(172-29-92-145.local.).State.Timer" [_thread_blocked, id=9884, stack(0x28b00000,0x28b50000)]
  0x27082c00 JavaThread "JmDNS(172-29-92-145.local.).Timer" daemon [_thread_blocked, id=12416, stack(0x28a70000,0x28ac0000)]
  0x2707d000 JavaThread "SocketListener(172-29-92-145.local.)" daemon [_thread_in_native, id=16740, stack(0x289e0000,0x28a30000)]
  0x2707d400 JavaThread "Batik CleanerThread" daemon [_thread_blocked, id=9136, stack(0x288c0000,0x28910000)]
  0x27082800 JavaThread "JmDNS(kartiki1.local.).Timer" daemon [_thread_blocked, id=4700, stack(0x28730000,0x28780000)]
  0x27081800 JavaThread "JmDNS(kartiki1.local.).State.Timer" [_thread_blocked, id=3204, stack(0x286a0000,0x286f0000)]
  0x27080000 JavaThread "JmDNS(kartiki1.local.).Timer" daemon [_thread_blocked, id=12708, stack(0x28610000,0x28660000)]
  0x2707e800 JavaThread "SocketListener(kartiki1.local.)" daemon [_thread_in_native, id=6452, stack(0x28580000,0x285d0000)]
  0x2707e000 JavaThread "JmDNS(kartiki1.local.).Timer" daemon [_thread_blocked, id=2824, stack(0x28380000,0x283d0000)]
  0x27082000 JavaThread "JmDNS(kartiki1.local.).State.Timer" [_thread_blocked, id=15212, stack(0x282f0000,0x28340000)]
  0x27083400 JavaThread "JmDNS(kartiki1.local.).Timer" daemon [_thread_blocked, id=8740, stack(0x28260000,0x282b0000)]
  0x2707c800 JavaThread "SocketListener(kartiki1.local.)" daemon [_thread_in_native, id=8420, stack(0x281d0000,0x28220000)]
  0x2707dc00 JavaThread "JmDNS(fe80:0:0:0:f51e:be79:36db:8448%wlan1.local.).Timer" daemon [_thread_blocked, id=14068, stack(0x28140000,0x28190000)]
  0x2705f400 JavaThread "JmDNS(fe80:0:0:0:f51e:be79:36db:8448%wlan1.local.).State.Timer" [_thread_blocked, id=16520, stack(0x280b0000,0x28100000)]
  0x2705e000 JavaThread "JmDNS(fe80:0:0:0:f51e:be79:36db:8448%wlan1.local.).Timer" daemon [_thread_blocked, id=13012, stack(0x28020000,0x28070000)]
  0x2705ec00 JavaThread "SocketListener(fe80:0:0:0:f51e:be79:36db:8448%wlan1.local.)" daemon [_thread_in_native, id=4740, stack(0x27f90000,0x27fe0000)]
  0x2705e800 JavaThread "JmDNS(kartiki1.local.).Timer" daemon [_thread_blocked, id=6400, stack(0x27f00000,0x27f50000)]
  0x2705f800 JavaThread "JmDNS(kartiki1.local.).State.Timer" [_thread_blocked, id=14140, stack(0x27e70000,0x27ec0000)]
  0x27060c00 JavaThread "JmDNS(kartiki1.local.).Timer" daemon [_thread_blocked, id=10940, stack(0x27de0000,0x27e30000)]
  0x27060400 JavaThread "SocketListener(kartiki1.local.)" daemon [_thread_in_native, id=15640, stack(0x27d50000,0x27da0000)]
  0x2705dc00 JavaThread "AWT-EventQueue-0" [_thread_blocked, id=5684, stack(0x27cc0000,0x27d10000)]
  0x25a47000 JavaThread "AWT-Shutdown" [_thread_blocked, id=7864, stack(0x25ec0000,0x25f10000)]
  0x26fac000 JavaThread "cc.arduino.packages.discoverers.network.BoardReachabilityFilter" [_thread_blocked, id=13436, stack(0x279f0000,0x27a40000)]
  0x26fab800 JavaThread "cc.arduino.packages.discoverers.network.NetworkChecker" [_thread_blocked, id=2832, stack(0x27960000,0x279b0000)]
=>0x26fa6c00 JavaThread "cc.arduino.packages.discoverers.serial.SerialBoardsLister" [_thread_in_native, id=12312, stack(0x26b10000,0x26b60000)]
  0x25a49800 JavaThread "AWT-Windows" daemon [_thread_in_native, id=1908, stack(0x25f50000,0x25fa0000)]
  0x25a46400 JavaThread "Java2D Disposer" daemon [_thread_blocked, id=5724, stack(0x25e30000,0x25e80000)]
  0x250a1800 JavaThread "Service Thread" daemon [_thread_blocked, id=7624, stack(0x25820000,0x25870000)]
  0x250ac800 JavaThread "C1 CompilerThread0" daemon [_thread_blocked, id=10524, stack(0x25790000,0x257e0000)]
  0x250ab400 JavaThread "Attach Listener" daemon [_thread_blocked, id=13832, stack(0x25700000,0x25750000)]
  0x250a9400 JavaThread "Signal Dispatcher" daemon [_thread_blocked, id=8904, stack(0x25670000,0x256c0000)]
  0x2508b000 JavaThread "Finalizer" daemon [_thread_blocked, id=11404, stack(0x254e0000,0x25530000)]
  0x25075000 JavaThread "Reference Handler" daemon [_thread_blocked, id=17504, stack(0x25350000,0x253a0000)]

Other Threads:
  0x022ae400 VMThread [stack: 0x252b0000,0x25300000] [id=8852]
  0x250a5c00 WatcherThread [stack: 0x258b0000,0x25900000] [id=3868]

VM state:not at safepoint (normal execution)

VM Mutex/Monitor currently owned by a thread: None

Heap:
 def new generation   total 39424K, used 32371K [0x04400000, 0x06ec0000, 0x0eea0000)
  eden space 35072K,  91% used [0x04400000, 0x06333178, 0x06640000)
  from space 4352K,   9% used [0x06a80000, 0x06ae9b78, 0x06ec0000)
  to   space 4352K,   0% used [0x06640000, 0x06640000, 0x06a80000)
 tenured generation   total 87424K, used 22513K [0x0eea0000, 0x14400000, 0x24400000)
   the space 87424K,  25% used [0x0eea0000, 0x1049c510, 0x1049c600, 0x14400000)
 Metaspace       used 18351K, capacity 18785K, committed 18816K, reserved 18816K

Card table byte_map: [0x24400000,0x24510000] byte_map_base: 0x243de000

Polling page: 0x02070000

CodeCache: size=32768Kb used=3657Kb max_used=3657Kb free=29110Kb
 bounds [0x02360000, 0x026f8000, 0x04360000]
 total_blobs=2332 nmethods=2058 adapters=204
 compilation: enabled

Compilation events (10 events):
Event: 1682.416 Thread 0x250ac800 2082             javax.jmdns.impl.JmDNSImpl::getServiceInfoFromCache (455 bytes)
Event: 1682.418 Thread 0x250ac800 nmethod 2082 0x026ead48 code [0x026eb070, 0x026ebdf0]
Event: 1682.427 Thread 0x250ac800 2083 % !         javax.jmdns.impl.SocketListener::run @ 17 (396 bytes)
Event: 1682.430 Thread 0x250ac800 nmethod 2083% 0x026ed0c8 code [0x026ed480, 0x026eefd4]
Event: 1740.987 Thread 0x250ac800 2084             javax.jmdns.impl.DNSMessage::getAnswers (5 bytes)
Event: 1740.988 Thread 0x250ac800 nmethod 2084 0x026f1348 code [0x026f1440, 0x026f14c0]
Event: 1743.443 Thread 0x250ac800 2085             javax.jmdns.impl.ServiceInfoImpl::getQualifiedName (155 bytes)
Event: 1743.444 Thread 0x250ac800 nmethod 2085 0x026f1508 code [0x026f1720, 0x026f1eec]
Event: 1904.501 Thread 0x250ac800 2086             java.util.LinkedHashMap$LinkedKeySet::iterator (12 bytes)
Event: 1904.501 Thread 0x250ac800 nmethod 2086 0x026f2688 code [0x026f2780, 0x026f2880]

GC Heap History (10 events):
Event: 1379.938 GC heap before
{Heap before GC invocations=17 (full 1):
 def new generation   total 39424K, used 36708K [0x04400000, 0x06ec0000, 0x0eea0000)
  eden space 35072K, 100% used [0x04400000, 0x06640000, 0x06640000)
  from space 4352K,  37% used [0x06640000, 0x067d92e0, 0x06a80000)
  to   space 4352K,   0% used [0x06a80000, 0x06a80000, 0x06ec0000)
 tenured generation   total 87424K, used 21311K [0x0eea0000, 0x14400000, 0x24400000)
   the space 87424K,  24% used [0x0eea0000, 0x1036fc90, 0x1036fe00, 0x14400000)
 Metaspace       used 18351K, capacity 18785K, committed 18816K, reserved 18816K
Event: 1379.943 GC heap after
Heap after GC invocations=18 (full 1):
 def new generation   total 39424K, used 1626K [0x04400000, 0x06ec0000, 0x0eea0000)
  eden space 35072K,   0% used [0x04400000, 0x04400000, 0x06640000)
  from space 4352K,  37% used [0x06a80000, 0x06c16950, 0x06ec0000)
  to   space 4352K,   0% used [0x06640000, 0x06640000, 0x06a80000)
 tenured generation   total 87424K, used 21311K [0x0eea0000, 0x14400000, 0x24400000)
   the space 87424K,  24% used [0x0eea0000, 0x1036fc90, 0x1036fe00, 0x14400000)
 Metaspace       used 18351K, capacity 18785K, committed 18816K, reserved 18816K
}
Event: 1487.087 GC heap before
{Heap before GC invocations=18 (full 1):
 def new generation   total 39424K, used 36698K [0x04400000, 0x06ec0000, 0x0eea0000)
  eden space 35072K, 100% used [0x04400000, 0x06640000, 0x06640000)
  from space 4352K,  37% used [0x06a80000, 0x06c16950, 0x06ec0000)
  to   space 4352K,   0% used [0x06640000, 0x06640000, 0x06a80000)
 tenured generation   total 87424K, used 21311K [0x0eea0000, 0x14400000, 0x24400000)
   the space 87424K,  24% used [0x0eea0000, 0x1036fc90, 0x1036fe00, 0x14400000)
 Metaspace       used 18351K, capacity 18785K, committed 18816K, reserved 18816K
Event: 1487.092 GC heap after
Heap after GC invocations=19 (full 1):
 def new generation   total 39424K, used 1662K [0x04400000, 0x06ec0000, 0x0eea0000)
  eden space 35072K,   0% used [0x04400000, 0x04400000, 0x06640000)
  from space 4352K,  38% used [0x06640000, 0x067df870, 0x06a80000)
  to   space 4352K,   0% used [0x06a80000, 0x06a80000, 0x06ec0000)
 tenured generation   total 87424K, used 21311K [0x0eea0000, 0x14400000, 0x24400000)
   the space 87424K,  24% used [0x0eea0000, 0x1036fc90, 0x1036fe00, 0x14400000)
 Metaspace       used 18351K, capacity 18785K, committed 18816K, reserved 18816K
}
Event: 1601.453 GC heap before
{Heap before GC invocations=19 (full 1):
 def new generation   total 39424K, used 36734K [0x04400000, 0x06ec0000, 0x0eea0000)
  eden space 35072K, 100% used [0x04400000, 0x06640000, 0x06640000)
  from space 4352K,  38% used [0x06640000, 0x067df870, 0x06a80000)
  to   space 4352K,   0% used [0x06a80000, 0x06a80000, 0x06ec0000)
 tenured generation   total 87424K, used 21311K [0x0eea0000, 0x14400000, 0x24400000)
   the space 87424K,  24% used [0x0eea0000, 0x1036fc90, 0x1036fe00, 0x14400000)
 Metaspace       used 18351K, capacity 18785K, committed 18816K, reserved 18816K
Event: 1601.457 GC heap after
Heap after GC invocations=20 (full 1):
 def new generation   total 39424K, used 1642K [0x04400000, 0x06ec0000, 0x0eea0000)
  eden space 35072K,   0% used [0x04400000, 0x04400000, 0x06640000)
  from space 4352K,  37% used [0x06a80000, 0x06c1a930, 0x06ec0000)
  to   space 4352K,   0% used [0x06640000, 0x06640000, 0x06a80000)
 tenured generation   total 87424K, used 21311K [0x0eea0000, 0x14400000, 0x24400000)
   the space 87424K,  24% used [0x0eea0000, 0x1036fc90, 0x1036fe00, 0x14400000)
 Metaspace       used 18351K, capacity 18785K, committed 18816K, reserved 18816K
}
Event: 1711.929 GC heap before
{Heap before GC invocations=20 (full 1):
 def new generation   total 39424K, used 36714K [0x04400000, 0x06ec0000, 0x0eea0000)
  eden space 35072K, 100% used [0x04400000, 0x06640000, 0x06640000)
  from space 4352K,  37% used [0x06a80000, 0x06c1a930, 0x06ec0000)
  to   space 4352K,   0% used [0x06640000, 0x06640000, 0x06a80000)
 tenured generation   total 87424K, used 21311K [0x0eea0000, 0x14400000, 0x24400000)
   the space 87424K,  24% used [0x0eea0000, 0x1036fc90, 0x1036fe00, 0x14400000)
 Metaspace       used 18351K, capacity 18785K, committed 18816K, reserved 18816K
Event: 1711.934 GC heap after
Heap after GC invocations=21 (full 1):
 def new generation   total 39424K, used 439K [0x04400000, 0x06ec0000, 0x0eea0000)
  eden space 35072K,   0% used [0x04400000, 0x04400000, 0x06640000)
  from space 4352K,  10% used [0x06640000, 0x066adc80, 0x06a80000)
  to   space 4352K,   0% used [0x06a80000, 0x06a80000, 0x06ec0000)
 tenured generation   total 87424K, used 22500K [0x0eea0000, 0x14400000, 0x24400000)
   the space 87424K,  25% used [0x0eea0000, 0x10499140, 0x10499200, 0x14400000)
 Metaspace       used 18351K, capacity 18785K, committed 18816K, reserved 18816K
}
Event: 1818.004 GC heap before
{Heap before GC invocations=21 (full 1):
 def new generation   total 39424K, used 35511K [0x04400000, 0x06ec0000, 0x0eea0000)
  eden space 35072K, 100% used [0x04400000, 0x06640000, 0x06640000)
  from space 4352K,  10% used [0x06640000, 0x066adc80, 0x06a80000)
  to   space 4352K,   0% used [0x06a80000, 0x06a80000, 0x06ec0000)
 tenured generation   total 87424K, used 22500K [0x0eea0000, 0x14400000, 0x24400000)
   the space 87424K,  25% used [0x0eea0000, 0x10499140, 0x10499200, 0x14400000)
 Metaspace       used 18351K, capacity 18785K, committed 18816K, reserved 18816K
Event: 1818.006 GC heap after
Heap after GC invocations=22 (full 1):
 def new generation   total 39424K, used 422K [0x04400000, 0x06ec0000, 0x0eea0000)
  eden space 35072K,   0% used [0x04400000, 0x04400000, 0x06640000)
  from space 4352K,   9% used [0x06a80000, 0x06ae9b78, 0x06ec0000)
  to   space 4352K,   0% used [0x06640000, 0x06640000, 0x06a80000)
 tenured generation   total 87424K, used 22513K [0x0eea0000, 0x14400000, 0x24400000)
   the space 87424K,  25% used [0x0eea0000, 0x1049c510, 0x1049c600, 0x14400000)
 Metaspace       used 18351K, capacity 18785K, committed 18816K, reserved 18816K
}

Deoptimization events (0 events):
No events

Internal exceptions (10 events):
Event: 63.073 Thread 0x2754cc00 Exception <a 'sun/nio/fs/WindowsException'> (0x064ca608) thrown at [C:\workspace\8-2-build-windows-i586-cygwin\jdk8u92\6642\hotspot\src\share\vm\prims\jni.cpp, line 709]
Event: 63.073 Thread 0x2754cc00 Exception <a 'sun/nio/fs/WindowsException'> (0x064cab38) thrown at [C:\workspace\8-2-build-windows-i586-cygwin\jdk8u92\6642\hotspot\src\share\vm\prims\jni.cpp, line 709]
Event: 63.075 Thread 0x2754cc00 Exception <a 'sun/nio/fs/WindowsException'> (0x064db8e8) thrown at [C:\workspace\8-2-build-windows-i586-cygwin\jdk8u92\6642\hotspot\src\share\vm\prims\jni.cpp, line 709]
Event: 63.075 Thread 0x2754cc00 Exception <a 'sun/nio/fs/WindowsException'> (0x064dbfe0) thrown at [C:\workspace\8-2-build-windows-i586-cygwin\jdk8u92\6642\hotspot\src\share\vm\prims\jni.cpp, line 709]
Event: 63.076 Thread 0x2754cc00 Exception <a 'sun/nio/fs/WindowsException'> (0x064ea858) thrown at [C:\workspace\8-2-build-windows-i586-cygwin\jdk8u92\6642\hotspot\src\share\vm\prims\jni.cpp, line 709]
Event: 63.076 Thread 0x2754cc00 Exception <a 'sun/nio/fs/WindowsException'> (0x064eaf50) thrown at [C:\workspace\8-2-build-windows-i586-cygwin\jdk8u92\6642\hotspot\src\share\vm\prims\jni.cpp, line 709]
Event: 63.077 Thread 0x2754cc00 Exception <a 'sun/nio/fs/WindowsException'> (0x064f5718) thrown at [C:\workspace\8-2-build-windows-i586-cygwin\jdk8u92\6642\hotspot\src\share\vm\prims\jni.cpp, line 709]
Event: 63.077 Thread 0x2754cc00 Exception <a 'sun/nio/fs/WindowsException'> (0x064f5e10) thrown at [C:\workspace\8-2-build-windows-i586-cygwin\jdk8u92\6642\hotspot\src\share\vm\prims\jni.cpp, line 709]
Event: 63.078 Thread 0x2754cc00 Exception <a 'sun/nio/fs/WindowsException'> (0x06500750) thrown at [C:\workspace\8-2-build-windows-i586-cygwin\jdk8u92\6642\hotspot\src\share\vm\prims\jni.cpp, line 709]
Event: 63.078 Thread 0x2754cc00 Exception <a 'sun/nio/fs/WindowsException'> (0x06500d58) thrown at [C:\workspace\8-2-build-windows-i586-cygwin\jdk8u92\6642\hotspot\src\share\vm\prims\jni.cpp, line 709]

Events (10 events):
Event: 1818.004 Executing VM operation: GenCollectForAllocation
Event: 1818.006 Executing VM operation: GenCollectForAllocation done
Event: 1905.697 Thread 0x2754bc00 Thread added: 0x2754bc00
Event: 1910.697 Executing VM operation: RevokeBias
Event: 1910.698 Executing VM operation: RevokeBias done
Event: 1910.698 Executing VM operation: RevokeBias
Event: 1910.698 Executing VM operation: RevokeBias done
Event: 1910.698 Executing VM operation: RevokeBias
Event: 1910.698 Executing VM operation: RevokeBias done
Event: 1910.698 Thread 0x2754bc00 Thread exited: 0x2754bc00


Dynamic libraries:
0x00330000 - 0x00363000 	C:\Program Files (x86)\Arduino\java\bin\javaw.exe
0x77cb0000 - 0x77e32000 	C:\WINDOWS\SYSTEM32\ntdll.dll
0x77200000 - 0x772e0000 	C:\WINDOWS\System32\KERNEL32.DLL
0x746a0000 - 0x74841000 	C:\WINDOWS\System32\KERNELBASE.dll
0x76500000 - 0x76577000 	C:\WINDOWS\System32\ADVAPI32.dll
0x75c80000 - 0x75d3e000 	C:\WINDOWS\System32\msvcrt.dll
0x76c30000 - 0x76c71000 	C:\WINDOWS\System32\sechost.dll
0x76b60000 - 0x76c21000 	C:\WINDOWS\System32\RPCRT4.dll
0x74680000 - 0x7469e000 	C:\WINDOWS\System32\SspiCli.dll
0x74670000 - 0x7467a000 	C:\WINDOWS\System32\CRYPTBASE.dll
0x777c0000 - 0x7781a000 	C:\WINDOWS\System32\bcryptPrimitives.dll
0x77990000 - 0x77aef000 	C:\WINDOWS\System32\USER32.dll
0x777a0000 - 0x777b5000 	C:\WINDOWS\System32\win32u.dll
0x77340000 - 0x7736b000 	C:\WINDOWS\System32\GDI32.dll
0x77b00000 - 0x77c5b000 	C:\WINDOWS\System32\gdi32full.dll
0x71c80000 - 0x71e8a000 	C:\WINDOWS\WinSxS\x86_microsoft.windows.common-controls_6595b64144ccf1df_6.0.14393.447_none_89c64d28dafea4b9\COMCTL32.dll
0x765c0000 - 0x767d1000 	C:\WINDOWS\System32\combase.dll
0x76d80000 - 0x76e60000 	C:\WINDOWS\System32\ucrtbase.dll
0x76b30000 - 0x76b55000 	C:\WINDOWS\System32\IMM32.DLL
0x63d90000 - 0x63e4f000 	C:\Program Files (x86)\Arduino\java\bin\msvcr100.dll
0x5f400000 - 0x5f7cb000 	C:\Program Files (x86)\Arduino\java\bin\client\jvm.dll
0x76b20000 - 0x76b26000 	C:\WINDOWS\System32\PSAPI.DLL
0x73070000 - 0x73078000 	C:\WINDOWS\SYSTEM32\WSOCK32.dll
0x72f90000 - 0x72fb4000 	C:\WINDOWS\SYSTEM32\WINMM.dll
0x742a0000 - 0x742a8000 	C:\WINDOWS\SYSTEM32\VERSION.dll
0x77820000 - 0x77883000 	C:\WINDOWS\System32\WS2_32.dll
0x00680000 - 0x006a3000 	C:\WINDOWS\SYSTEM32\WINMMBASE.dll
0x76580000 - 0x765b6000 	C:\WINDOWS\System32\cfgmgr32.dll
0x71590000 - 0x715c1000 	C:\Program Files (x86)\Arduino\java\bin\splashscreen.dll
0x71660000 - 0x716d5000 	C:\WINDOWS\system32\uxtheme.dll
0x71580000 - 0x7158c000 	C:\Program Files (x86)\Arduino\java\bin\verify.dll
0x75d40000 - 0x75e75000 	C:\WINDOWS\System32\MSCTF.dll
0x76ce0000 - 0x76d74000 	C:\WINDOWS\System32\OLEAUT32.dll
0x76f60000 - 0x76fdb000 	C:\WINDOWS\System32\msvcp_win.dll
0x64380000 - 0x643a1000 	C:\Program Files (x86)\Arduino\java\bin\java.dll
0x6f360000 - 0x6f3db000 	C:\Program Files (x86)\Common Files\Microsoft Shared\Ink\tiptsf.dll
0x65f80000 - 0x65f93000 	C:\Program Files (x86)\Arduino\java\bin\zip.dll
0x77790000 - 0x7779d000 	C:\WINDOWS\System32\kernel.appcore.dll
0x77890000 - 0x77914000 	C:\WINDOWS\System32\clbcatq.dll
0x62430000 - 0x62582000 	C:\Windows\System32\uiautomationcore.dll
0x73ad0000 - 0x73aea000 	C:\Windows\System32\USERENV.dll
0x77780000 - 0x7778f000 	C:\WINDOWS\System32\profapi.dll
0x6b660000 - 0x6b6e1000 	C:\WINDOWS\SYSTEM32\sxs.dll
0x72110000 - 0x72164000 	C:\Windows\System32\OLEACC.dll
0x665c0000 - 0x6662c000 	C:\WINDOWS\SYSTEM32\twinapi.dll
0x767e0000 - 0x76868000 	C:\WINDOWS\System32\shcore.dll
0x67a30000 - 0x67b21000 	C:\WINDOWS\SYSTEM32\twinapi.appcore.dll
0x73f80000 - 0x73f9b000 	C:\WINDOWS\SYSTEM32\bcrypt.dll
0x748a0000 - 0x75c79000 	C:\WINDOWS\System32\SHELL32.dll
0x75e80000 - 0x763ee000 	C:\WINDOWS\System32\windows.storage.dll
0x769e0000 - 0x76a25000 	C:\WINDOWS\System32\powrprof.dll
0x77c60000 - 0x77ca6000 	C:\WINDOWS\System32\shlwapi.dll
0x5f870000 - 0x5f9b5000 	C:\Program Files (x86)\Arduino\java\bin\awt.dll
0x6f630000 - 0x6f6c2000 	C:\WINDOWS\SYSTEM32\apphelp.dll
0x71520000 - 0x7153f000 	C:\WINDOWS\system32\dwmapi.dll
0x76e60000 - 0x76f4a000 	C:\WINDOWS\System32\ole32.dll
0x61740000 - 0x6176c000 	C:\Program Files (x86)\Arduino\lib\listSerialsj.dll
0x77370000 - 0x7777b000 	C:\WINDOWS\System32\SETUPAPI.dll
0x72450000 - 0x72463000 	C:\WINDOWS\SYSTEM32\CRYPTSP.dll
0x72420000 - 0x7244f000 	C:\WINDOWS\system32\rsaenh.dll
0x64360000 - 0x64376000 	C:\Program Files (x86)\Arduino\java\bin\net.dll
0x73ea0000 - 0x73eee000 	C:\WINDOWS\system32\mswsock.dll
0x744d0000 - 0x744ff000 	C:\WINDOWS\SYSTEM32\IPHLPAPI.DLL
0x77af0000 - 0x77af7000 	C:\WINDOWS\System32\NSI.dll
0x73d40000 - 0x73d53000 	C:\WINDOWS\SYSTEM32\dhcpcsvc6.DLL
0x73d20000 - 0x73d34000 	C:\WINDOWS\SYSTEM32\dhcpcsvc.DLL
0x714d0000 - 0x714df000 	C:\Program Files (x86)\Arduino\java\bin\nio.dll
0x26990000 - 0x269cd000 	C:\Users\Kartiki\AppData\Local\Temp\jna-729168463\jna8420104134484734119.dll
0x623f0000 - 0x62429000 	C:\Program Files (x86)\Arduino\java\bin\fontmanager.dll
0x5f3c0000 - 0x5f3f2000 	C:\Program Files (x86)\Arduino\java\bin\t2k.dll
0x72710000 - 0x72732000 	C:\WINDOWS\SYSTEM32\DEVOBJ.dll
0x74850000 - 0x74894000 	C:\WINDOWS\System32\WINTRUST.dll
0x76f50000 - 0x76f5e000 	C:\WINDOWS\System32\MSASN1.dll
0x76fe0000 - 0x7715d000 	C:\WINDOWS\System32\CRYPT32.dll
0x73e20000 - 0x73e9c000 	C:\WINDOWS\SYSTEM32\DNSAPI.dll
0x73de0000 - 0x73e01000 	C:\Program Files (x86)\Bonjour\mdnsNSP.dll
0x73d60000 - 0x73d68000 	C:\Windows\System32\rasadhlp.dll
0x73d70000 - 0x73db9000 	C:\WINDOWS\System32\fwpuclnt.dll
0x5f350000 - 0x5f3b9000 	C:\Program Files (x86)\Arduino\msvcp100.dll
0x5f290000 - 0x5f34e000 	C:\Program Files (x86)\Arduino\msvcr100.dll
0x28400000 - 0x28432000 	C:\Program Files (x86)\Arduino\lib\AStylej.dll
0x5f840000 - 0x5f864000 	C:\Program Files (x86)\Arduino\java\bin\dcpr.dll
0x6ed30000 - 0x6ee9e000 	C:\WINDOWS\SYSTEM32\WindowsCodecs.dll
0x66570000 - 0x665b4000 	C:\WINDOWS\system32\dataexchange.dll
0x659f0000 - 0x65b03000 	C:\WINDOWS\system32\dcomp.dll
0x6c350000 - 0x6c57f000 	C:\WINDOWS\system32\d3d11.dll
0x6c2c0000 - 0x6c344000 	C:\WINDOWS\system32\dxgi.dll
0x74380000 - 0x744c5000 	C:\WINDOWS\SYSTEM32\dbghelp.dll

VM Arguments:
jvm_args: -Dsun.java2d.d3d=false -Djna.nosys=true -DAPP_DIR=C:\Program Files (x86)\Arduino -Xms128M -Xmx512M 
java_command: processing.app.Base C:\Users\Kartiki\Documents\GitHub\wdasense\wda-sensing\lsm-303c\lsm-303c.ino
java_class_path (initial): C:\Program Files (x86)\Arduino\lib\apple.jar;C:\Program Files (x86)\Arduino\lib\arduino-core.jar;C:\Program Files (x86)\Arduino\lib\batik-1.8.jar;C:\Program Files (x86)\Arduino\lib\batik-anim-1.8.jar;C:\Program Files (x86)\Arduino\lib\batik-awt-util-1.8.jar;C:\Program Files (x86)\Arduino\lib\batik-bridge-1.8.jar;C:\Program Files (x86)\Arduino\lib\batik-codec-1.8.jar;C:\Program Files (x86)\Arduino\lib\batik-css-1.8.jar;C:\Program Files (x86)\Arduino\lib\batik-dom-1.8.jar;C:\Program Files (x86)\Arduino\lib\batik-ext-1.8.jar;C:\Program Files (x86)\Arduino\lib\batik-gvt-1.8.jar;C:\Program Files (x86)\Arduino\lib\batik-parser-1.8.jar;C:\Program Files (x86)\Arduino\lib\batik-rasterizer-1.8.jar;C:\Program Files (x86)\Arduino\lib\batik-script-1.8.jar;C:\Program Files (x86)\Arduino\lib\batik-squiggle-1.8.jar;C:\Program Files (x86)\Arduino\lib\batik-svg-dom-1.8.jar;C:\Program Files (x86)\Arduino\lib\batik-svgpp-1.8.jar;C:\Program Files (x86)\Arduino\lib\batik-transcoder-1.8.jar;C:\Program Files (x86)\Arduino\lib\batik-util-1.8.jar;C:\Program Files (x86)\Arduino\lib\batik-xml-1.8.jar;C:\Program Files (x86)\Arduino\lib\bcpg-jdk15on-152.jar;C:\Program Files (x86)\Arduino\lib\bcprov-jdk15on-152.jar;C:\Program Files (x86)\Arduino\lib\commons-codec-1.7.jar;C:\Program Files (x86)\Arduino\lib\commons-compress-1.8.jar;C:\Program Files (x86)\Arduino\lib\commons-exec-1.1.jar;C:\Program Files (x86)\Arduino\lib\commons-httpclient-3.1.jar;C:\Program Files (x86)\Arduino\lib\commons-lang3-3.3.2.jar;C:\Program Files (x86)\Arduino\lib\commons-logging-1.0.4.jar;C:\Program Files (x86)\Arduino\lib\commons-net-3.3.jar;C:\Program Files (x86)\Arduino\lib\jackson-annotations-2.6.3.jar;C:\Program Files (x86)\Arduino\lib\jackson-core-2.6.3.jar;C:\Program Files (x86)\Arduino\lib\jackson-databind-2.6.3.jar;C:\Program Files (x86)\Arduino\lib\jackson-module-mrbean-2.6.3.jar;C:\Program Files (x86)\Arduino\lib\java-semver-0.8.0.jar;C:\Program Files (x86)\Arduino\lib\jmdns-3.4.1.j
Launcher Type: SUN_STANDARD

Environment Variables:
PATH=C:\Python34\Lib\site-packages\PyQt4;C:\ProgramData\Oracle\Java\javapath;C:\Program Files (x86)\Intel\iCLS Client\;C:\Program Files\Intel\iCLS Client\;C:\WINDOWS\system32;C:\WINDOWS;C:\WINDOWS\System32\Wbem;C:\WINDOWS\System32\WindowsPowerShell\v1.0\;C:\Program Files (x86)\Intel\Intel(R) Management Engine Components\DAL;C:\Program Files\Intel\Intel(R) Management Engine Components\DAL;C:\Program Files (x86)\Intel\Intel(R) Management Engine Components\IPT;C:\Program Files\Intel\Intel(R) Management Engine Components\IPT;C:\Program Files\nodejs\;C:\Program Files (x86)\MySQL\MySQL Fabric 1.5 & MySQL Utilities 1.5\;C:\Program Files (x86)\MySQL\MySQL Fabric 1.5 & MySQL Utilities 1.5\Doctrine extensions for PHP\;C:\Program Files\Intel\WiFi\bin\;C:\Program Files\Common Files\Intel\WirelessCommon\;C:\Program Files (x86)\Windows Kits\10\Windows Performance Toolkit\;C:\Program Files\MATLAB\R2016a\runtime\win64;C:\Program Files\MATLAB\R2016a\bin;C:\WINDOWS\system32\config\systemprofile\.dnx\bin;C:\Program Files\Microsoft DNX\Dnvm\;C:\Program Files\Git\cmd;C:\Program Files\Microsoft SQL Server\130\Tools\Binn\;C:\Python34\;C:\Python34\Scripts\;C:\ChromeWebDriver;C:\Program Files (x86)\Skype\Phone\;C:\Program Files (x86)\Heroku\bin;C:\Program Files (x86)\git\cmd;C:\Program Files (x86)\Git\cmd;C:\Users\Kartiki\Anaconda2;C:\Users\Kartiki\Anaconda2\Scripts;C:\Users\Kartiki\Anaconda2\Library\bin;C:\Users\Kartiki\AppData\Roaming\npm;C:\Users\Kartiki\AppData\Local\Microsoft\WindowsApps;C:\Users\Kartiki\AppData\Local\atom\bin;C:\Program Files (x86)\Arduino\java\bin
USERNAME=Kartiki
OS=Windows_NT
PROCESSOR_IDENTIFIER=Intel64 Family 6 Model 78 Stepping 3, GenuineIntel



---------------  S Y S T E M  ---------------

OS: Windows 10.0 , 64 bit Build 14393 (10.0.14393.0)

CPU:total 4 (2 cores per cpu, 2 threads per core) family 6 model 78 stepping 3, cmov, cx8, fxsr, mmx, sse, sse2, sse3, ssse3, sse4.1, sse4.2, popcnt, avx, avx2, aes, clmul, erms, 3dnowpref, lzcnt, ht, tsc, tscinvbit, bmi1, bmi2, adx

Memory: 4k page, physical 12468640k(6550108k free), swap 18853516k(11547772k free)

vm_info: Java HotSpot(TM) Client VM (25.92-b14) for windows-x86 JRE (1.8.0_92-b14), built on Mar 31 2016 21:09:21 by "java_re" with MS VC++ 10.0 (VS2010)

time: Fri Dec 02 15:40:47 2016
elapsed time: 1923 seconds (0d 0h 32m 3s)

